3/11/2021, 2:01:25 PM - INFO - Server is running on port: 3030 | 15 | popo 
3/11/2021, 2:10:02 PM - INFO - Server is running on port: 3030 | 15 | popo 
3/11/2021, 2:10:29 PM - INFO - Server is running on port: 3030 | 15 | popo 
3/11/2021, 2:11:22 PM - INFO - Server is running on port: 3030 | 15 | popo 
11.3.2021, 19:06:47 - INFO - Server is running on port: 3030 | 15 | popo 
11.3.2021, 19:09:51 - INFO - Server is running on port: 3030 | 15 | popo 
11.3.2021, 19:11:27 - INFO - Server is running on port: 3030 | 15 | popo 
11.3.2021, 19:11:47 - ERROR - Failed to get toys | {} 
11.3.2021, 19:14:06 - INFO - Server is running on port: 3030 | 15 | popo 
11.3.2021, 19:14:14 - INFO - Server is running on port: 3030 | 15 | popo 
11.3.2021, 19:36:06 - ERROR - Failed to add toy | {} 
11.3.2021, 19:36:51 - ERROR - Failed to update toy | {} 
11.3.2021, 19:37:39 - INFO - Server is running on port: 3030 | 15 | popo 
11.3.2021, 19:38:11 - INFO - Server is running on port: 3030 | 15 | popo 
11.3.2021, 19:48:17 - INFO - Server is running on port: 3030 | 15 | popo 
11.3.2021, 19:48:19 - INFO - Server is running on port: 3030 | 15 | popo 
11.3.2021, 19:50:09 - ERROR - Failed to add toy | {} 
11.3.2021, 19:51:45 - ERROR - Failed to add toy | {} 
11.3.2021, 19:52:02 - INFO - Server is running on port: 3030 | 15 | popo 
11.3.2021, 19:53:31 - ERROR - Failed to add toy | {} 
11.3.2021, 19:54:19 - INFO - Server is running on port: 3030 | 15 | popo 
11.3.2021, 19:55:27 - INFO - Server is running on port: 3030 | 15 | popo 
11.3.2021, 19:56:14 - INFO - Server is running on port: 3030 | 15 | popo 
11.3.2021, 19:56:27 - ERROR - Failed to add toy | {} 
11.3.2021, 19:56:41 - INFO - Server is running on port: 3030 | 15 | popo 
11.3.2021, 19:57:18 - ERROR - Failed to update toy | {} 
11.3.2021, 19:57:39 - ERROR - Failed to update toy | {} 
11.3.2021, 19:58:29 - INFO - Server is running on port: 3030 | 15 | popo 
11.3.2021, 20:00:07 - INFO - Server is running on port: 3030 | 15 | popo 
11.3.2021, 20:00:37 - INFO - Server is running on port: 3030 | 15 | popo 
11.3.2021, 20:17:37 - INFO - Server is running on port: 3030 | 15 | popo 
